# JRE version: OpenJDK Runtime Environment (17.0.9) (build 17.0.9+0--11185874)
# Java VM: OpenJDK 64-Bit Server VM (17.0.9+0--11185874, mixed mode, tiered, compressed oops, compressed class ptrs, g1 gc, windows-amd64)
GC Precious Log:
 CPUs: 4 total, 4 available
 Memory: 8071M
 Large Page Support: Disabled
 NUMA Support: Disabled
 Compressed Oops: Enabled (32-bit)
 Heap Region Size: 1M
 Heap Min Capacity: 8M
 Heap Initial Capacity: 128M
 Heap Max Capacity: 2G
 Pre-touch: Disabled
 Parallel Workers: 4
 Concurrent Workers: 1
 Concurrent Refinement Workers: 4
 Periodic GC: Disabled
Heap:
 garbage-first heap   total 256000K, used 236428K [0x0000000080000000, 0x0000000100000000)
  region size 1024K, 24 young (24576K), 3 survivors (3072K)
 Metaspace       used 149055K, committed 149888K, reserved 1179648K
  class space    used 19451K, committed 19840K, reserved 1048576K
GC Heap History (20 events):
Event: 89.078 GC heap before
{Heap before GC invocations=67 (full 0):
 garbage-first heap   total 256000K, used 218429K [0x0000000080000000, 0x0000000100000000)
  region size 1024K, 57 young (58368K), 1 survivors (1024K)
 Metaspace       used 148452K, committed 149312K, reserved 1179648K
  class space    used 19357K, committed 19776K, reserved 1048576K
}
Event: 89.109 GC heap after
{Heap after GC invocations=68 (full 0):
 garbage-first heap   total 256000K, used 172032K [0x0000000080000000, 0x0000000100000000)
  region size 1024K, 8 young (8192K), 8 survivors (8192K)
 Metaspace       used 148452K, committed 149312K, reserved 1179648K
  class space    used 19357K, committed 19776K, reserved 1048576K
}
Event: 91.125 GC heap before
{Heap before GC invocations=68 (full 0):
 garbage-first heap   total 256000K, used 209920K [0x0000000080000000, 0x0000000100000000)
  region size 1024K, 46 young (47104K), 8 survivors (8192K)
 Metaspace       used 148472K, committed 149312K, reserved 1179648K
  class space    used 19357K, committed 19776K, reserved 1048576K
}
Event: 91.171 GC heap after
{Heap after GC invocations=69 (full 0):
 garbage-first heap   total 256000K, used 177695K [0x0000000080000000, 0x0000000100000000)
  region size 1024K, 6 young (6144K), 6 survivors (6144K)
 Metaspace       used 148472K, committed 149312K, reserved 1179648K
  class space    used 19357K, committed 19776K, reserved 1048576K
}
Event: 92.774 GC heap before
{Heap before GC invocations=69 (full 0):
 garbage-first heap   total 256000K, used 210463K [0x0000000080000000, 0x0000000100000000)
  region size 1024K, 38 young (38912K), 6 survivors (6144K)
 Metaspace       used 148472K, committed 149312K, reserved 1179648K
  class space    used 19357K, committed 19776K, reserved 1048576K
}
Event: 92.788 GC heap after
{Heap after GC invocations=70 (full 0):
 garbage-first heap   total 256000K, used 179818K [0x0000000080000000, 0x0000000100000000)
  region size 1024K, 2 young (2048K), 2 survivors (2048K)
 Metaspace       used 148472K, committed 149312K, reserved 1179648K
  class space    used 19357K, committed 19776K, reserved 1048576K
}
Event: 94.887 GC heap before
{Heap before GC invocations=70 (full 0):
 garbage-first heap   total 256000K, used 213610K [0x0000000080000000, 0x0000000100000000)
  region size 1024K, 35 young (35840K), 2 survivors (2048K)
 Metaspace       used 148472K, committed 149312K, reserved 1179648K
  class space    used 19357K, committed 19776K, reserved 1048576K
}
Event: 94.894 GC heap after
{Heap after GC invocations=71 (full 0):
 garbage-first heap   total 256000K, used 181248K [0x0000000080000000, 0x0000000100000000)
  region size 1024K, 3 young (3072K), 3 survivors (3072K)
 Metaspace       used 148472K, committed 149312K, reserved 1179648K
  class space    used 19357K, committed 19776K, reserved 1048576K
}
Event: 97.638 GC heap before
{Heap before GC invocations=71 (full 0):
 garbage-first heap   total 256000K, used 216064K [0x0000000080000000, 0x0000000100000000)
  region size 1024K, 37 young (37888K), 3 survivors (3072K)
 Metaspace       used 148475K, committed 149312K, reserved 1179648K
  class space    used 19358K, committed 19776K, reserved 1048576K
}
Event: 97.648 GC heap after
{Heap after GC invocations=72 (full 0):
 garbage-first heap   total 256000K, used 183053K [0x0000000080000000, 0x0000000100000000)
  region size 1024K, 4 young (4096K), 4 survivors (4096K)
 Metaspace       used 148475K, committed 149312K, reserved 1179648K
  class space    used 19358K, committed 19776K, reserved 1048576K
}
Event: 101.697 GC heap before
{Heap before GC invocations=72 (full 0):
 garbage-first heap   total 256000K, used 217869K [0x0000000080000000, 0x0000000100000000)
  region size 1024K, 38 young (38912K), 4 survivors (4096K)
 Metaspace       used 148475K, committed 149312K, reserved 1179648K
  class space    used 19358K, committed 19776K, reserved 1048576K
}
Event: 101.707 GC heap after
{Heap after GC invocations=73 (full 0):
 garbage-first heap   total 256000K, used 184918K [0x0000000080000000, 0x0000000100000000)
  region size 1024K, 4 young (4096K), 4 survivors (4096K)
 Metaspace       used 148475K, committed 149312K, reserved 1179648K
  class space    used 19358K, committed 19776K, reserved 1048576K
}
Event: 104.280 GC heap before
{Heap before GC invocations=73 (full 0):
 garbage-first heap   total 256000K, used 219734K [0x0000000080000000, 0x0000000100000000)
  region size 1024K, 38 young (38912K), 4 survivors (4096K)
 Metaspace       used 148475K, committed 149312K, reserved 1179648K
  class space    used 19358K, committed 19776K, reserved 1048576K
}
Event: 104.294 GC heap after
{Heap after GC invocations=74 (full 0):
 garbage-first heap   total 256000K, used 186794K [0x0000000080000000, 0x0000000100000000)
  region size 1024K, 4 young (4096K), 4 survivors (4096K)
 Metaspace       used 148475K, committed 149312K, reserved 1179648K
  class space    used 19358K, committed 19776K, reserved 1048576K
}
Event: 105.757 GC heap before
{Heap before GC invocations=74 (full 0):
 garbage-first heap   total 256000K, used 220586K [0x0000000080000000, 0x0000000100000000)
  region size 1024K, 37 young (37888K), 4 survivors (4096K)
 Metaspace       used 148475K, committed 149312K, reserved 1179648K
  class space    used 19358K, committed 19776K, reserved 1048576K
}
Event: 105.767 GC heap after
{Heap after GC invocations=75 (full 0):
 garbage-first heap   total 256000K, used 188586K [0x0000000080000000, 0x0000000100000000)
  region size 1024K, 4 young (4096K), 4 survivors (4096K)
 Metaspace       used 148475K, committed 149312K, reserved 1179648K
  class space    used 19358K, committed 19776K, reserved 1048576K
}
Event: 108.774 GC heap before
{Heap before GC invocations=75 (full 0):
 garbage-first heap   total 256000K, used 221354K [0x0000000080000000, 0x0000000100000000)
  region size 1024K, 36 young (36864K), 4 survivors (4096K)
 Metaspace       used 148475K, committed 149312K, reserved 1179648K
  class space    used 19358K, committed 19776K, reserved 1048576K
}
Event: 108.782 GC heap after
{Heap after GC invocations=76 (full 0):
 garbage-first heap   total 256000K, used 190082K [0x0000000080000000, 0x0000000100000000)
  region size 1024K, 4 young (4096K), 4 survivors (4096K)
 Metaspace       used 148475K, committed 149312K, reserved 1179648K
  class space    used 19358K, committed 19776K, reserved 1048576K
}
Event: 111.464 GC heap before
{Heap before GC invocations=76 (full 0):
 garbage-first heap   total 256000K, used 226946K [0x0000000080000000, 0x0000000100000000)
  region size 1024K, 29 young (29696K), 4 survivors (4096K)
 Metaspace       used 148514K, committed 149376K, reserved 1179648K
  class space    used 19368K, committed 19776K, reserved 1048576K
}
Event: 111.475 GC heap after
{Heap after GC invocations=77 (full 0):
 garbage-first heap   total 256000K, used 203660K [0x0000000080000000, 0x0000000100000000)
  region size 1024K, 3 young (3072K), 3 survivors (3072K)
 Metaspace       used 148514K, committed 149376K, reserved 1179648K
  class space    used 19368K, committed 19776K, reserved 1048576K
}

