# JRE version: OpenJDK Runtime Environment (17.0.9) (build 17.0.9+0--11185874)
# Java VM: OpenJDK 64-Bit Server VM (17.0.9+0--11185874, mixed mode, tiered, compressed oops, compressed class ptrs, g1 gc, windows-amd64)
GC Precious Log:
 CPUs: 4 total, 4 available
 Memory: 8071M
 Large Page Support: Disabled
 NUMA Support: Disabled
 Compressed Oops: Enabled (32-bit)
 Heap Region Size: 1M
 Heap Min Capacity: 8M
 Heap Initial Capacity: 128M
 Heap Max Capacity: 2G
 Pre-touch: Disabled
 Parallel Workers: 4
 Concurrent Workers: 1
 Concurrent Refinement Workers: 4
 Periodic GC: Disabled
Heap:
 garbage-first heap   total 229376K, used 126482K [0x0000000080000000, 0x0000000100000000)
  region size 1024K, 1 young (1024K), 1 survivors (1024K)
 Metaspace       used 112507K, committed 113280K, reserved 1179648K
  class space    used 14945K, committed 15296K, reserved 1048576K
GC Heap History (20 events):
Event: 39.622 GC heap after
{Heap after GC invocations=52 (full 0):
 garbage-first heap   total 158720K, used 85930K [0x0000000080000000, 0x0000000100000000)
  region size 1024K, 3 young (3072K), 3 survivors (3072K)
 Metaspace       used 90279K, committed 90944K, reserved 1179648K
  class space    used 12445K, committed 12736K, reserved 1048576K
}
Event: 54.979 GC heap before
{Heap before GC invocations=52 (full 0):
 garbage-first heap   total 158720K, used 129962K [0x0000000080000000, 0x0000000100000000)
  region size 1024K, 46 young (47104K), 3 survivors (3072K)
 Metaspace       used 91213K, committed 91968K, reserved 1179648K
  class space    used 12515K, committed 12864K, reserved 1048576K
}
Event: 54.990 GC heap after
{Heap after GC invocations=53 (full 0):
 garbage-first heap   total 158720K, used 85879K [0x0000000080000000, 0x0000000100000000)
  region size 1024K, 3 young (3072K), 3 survivors (3072K)
 Metaspace       used 91213K, committed 91968K, reserved 1179648K
  class space    used 12515K, committed 12864K, reserved 1048576K
}
Event: 59.056 GC heap before
{Heap before GC invocations=53 (full 0):
 garbage-first heap   total 158720K, used 134007K [0x0000000080000000, 0x0000000100000000)
  region size 1024K, 47 young (48128K), 3 survivors (3072K)
 Metaspace       used 95494K, committed 96256K, reserved 1179648K
  class space    used 13047K, committed 13440K, reserved 1048576K
}
Event: 59.069 GC heap after
{Heap after GC invocations=54 (full 0):
 garbage-first heap   total 158720K, used 92130K [0x0000000080000000, 0x0000000100000000)
  region size 1024K, 5 young (5120K), 5 survivors (5120K)
 Metaspace       used 95494K, committed 96256K, reserved 1179648K
  class space    used 13047K, committed 13440K, reserved 1048576K
}
Event: 62.181 GC heap before
{Heap before GC invocations=54 (full 0):
 garbage-first heap   total 158720K, used 132066K [0x0000000080000000, 0x0000000100000000)
  region size 1024K, 44 young (45056K), 5 survivors (5120K)
 Metaspace       used 101264K, committed 102016K, reserved 1179648K
  class space    used 13773K, committed 14144K, reserved 1048576K
}
Event: 62.191 GC heap after
{Heap after GC invocations=55 (full 0):
 garbage-first heap   total 158720K, used 91792K [0x0000000080000000, 0x0000000100000000)
  region size 1024K, 3 young (3072K), 3 survivors (3072K)
 Metaspace       used 101264K, committed 102016K, reserved 1179648K
  class space    used 13773K, committed 14144K, reserved 1048576K
}
Event: 63.029 GC heap before
{Heap before GC invocations=56 (full 0):
 garbage-first heap   total 179200K, used 138896K [0x0000000080000000, 0x0000000100000000)
  region size 1024K, 42 young (43008K), 3 survivors (3072K)
 Metaspace       used 101667K, committed 102528K, reserved 1179648K
  class space    used 13813K, committed 14208K, reserved 1048576K
}
Event: 63.052 GC heap after
{Heap after GC invocations=57 (full 0):
 garbage-first heap   total 179200K, used 103037K [0x0000000080000000, 0x0000000100000000)
  region size 1024K, 6 young (6144K), 6 survivors (6144K)
 Metaspace       used 101667K, committed 102528K, reserved 1179648K
  class space    used 13813K, committed 14208K, reserved 1048576K
}
Event: 63.084 GC heap before
{Heap before GC invocations=57 (full 0):
 garbage-first heap   total 179200K, used 104061K [0x0000000080000000, 0x0000000100000000)
  region size 1024K, 8 young (8192K), 6 survivors (6144K)
 Metaspace       used 101667K, committed 102528K, reserved 1179648K
  class space    used 13813K, committed 14208K, reserved 1048576K
}
Event: 63.105 GC heap after
{Heap after GC invocations=58 (full 0):
 garbage-first heap   total 179200K, used 104814K [0x0000000080000000, 0x0000000100000000)
  region size 1024K, 1 young (1024K), 1 survivors (1024K)
 Metaspace       used 101667K, committed 102528K, reserved 1179648K
  class space    used 13813K, committed 14208K, reserved 1048576K
}
Event: 64.303 GC heap before
{Heap before GC invocations=58 (full 0):
 garbage-first heap   total 179200K, used 143726K [0x0000000080000000, 0x0000000100000000)
  region size 1024K, 39 young (39936K), 1 survivors (1024K)
 Metaspace       used 102829K, committed 103616K, reserved 1179648K
  class space    used 13979K, committed 14336K, reserved 1048576K
}
Event: 64.320 GC heap after
{Heap after GC invocations=59 (full 0):
 garbage-first heap   total 179200K, used 112640K [0x0000000080000000, 0x0000000100000000)
  region size 1024K, 5 young (5120K), 5 survivors (5120K)
 Metaspace       used 102829K, committed 103616K, reserved 1179648K
  class space    used 13979K, committed 14336K, reserved 1048576K
}
Event: 65.688 GC heap before
{Heap before GC invocations=59 (full 0):
 garbage-first heap   total 179200K, used 151552K [0x0000000080000000, 0x0000000100000000)
  region size 1024K, 36 young (36864K), 5 survivors (5120K)
 Metaspace       used 105943K, committed 106752K, reserved 1179648K
  class space    used 14314K, committed 14656K, reserved 1048576K
}
Event: 65.706 GC heap after
{Heap after GC invocations=60 (full 0):
 garbage-first heap   total 179200K, used 123971K [0x0000000080000000, 0x0000000100000000)
  region size 1024K, 4 young (4096K), 4 survivors (4096K)
 Metaspace       used 105943K, committed 106752K, reserved 1179648K
  class space    used 14314K, committed 14656K, reserved 1048576K
}
Event: 66.761 GC heap before
{Heap before GC invocations=60 (full 0):
 garbage-first heap   total 179200K, used 147523K [0x0000000080000000, 0x0000000100000000)
  region size 1024K, 28 young (28672K), 4 survivors (4096K)
 Metaspace       used 108637K, committed 109440K, reserved 1179648K
  class space    used 14594K, committed 14976K, reserved 1048576K
}
Event: 66.772 GC heap after
{Heap after GC invocations=61 (full 0):
 garbage-first heap   total 179200K, used 125601K [0x0000000080000000, 0x0000000100000000)
  region size 1024K, 2 young (2048K), 2 survivors (2048K)
 Metaspace       used 108637K, committed 109440K, reserved 1179648K
  class space    used 14594K, committed 14976K, reserved 1048576K
}
Event: 67.688 GC heap before
{Heap before GC invocations=62 (full 0):
 garbage-first heap   total 229376K, used 149153K [0x0000000080000000, 0x0000000100000000)
  region size 1024K, 26 young (26624K), 2 survivors (2048K)
 Metaspace       used 111540K, committed 112384K, reserved 1179648K
  class space    used 14844K, committed 15232K, reserved 1048576K
}
Event: 67.698 GC heap after
{Heap after GC invocations=63 (full 0):
 garbage-first heap   total 229376K, used 127580K [0x0000000080000000, 0x0000000100000000)
  region size 1024K, 4 young (4096K), 4 survivors (4096K)
 Metaspace       used 111540K, committed 112384K, reserved 1179648K
  class space    used 14844K, committed 15232K, reserved 1048576K
}
Event: 68.070 GC heap before
{Heap before GC invocations=63 (full 0):
 garbage-first heap   total 229376K, used 133724K [0x0000000080000000, 0x0000000100000000)
  region size 1024K, 11 young (11264K), 4 survivors (4096K)
 Metaspace       used 112507K, committed 113280K, reserved 1179648K
  class space    used 14945K, committed 15296K, reserved 1048576K
}

